2021-02-21T11:41:39+00:00 CRITICAL Uncaught TypeError: Unsupported operand types: string / int in D:\xampp\htdocs\ten-yards\wp-content\plugins\elementor\includes\libraries\bfi-thumb\bfi-thumb.php:748
Stack trace:
#0 D:\xampp\htdocs\ten-yards\wp-includes\class-wp-hook.php(289): bfi_image_resize_dimensions(NULL, 174, 51, 'auto', '29')
#1 D:\xampp\htdocs\ten-yards\wp-includes\plugin.php(212): WP_Hook->apply_filters(NULL, Array)
#2 D:\xampp\htdocs\ten-yards\wp-includes\media.php(556): apply_filters('image_resize_di...', NULL, 174, 51, 'auto', '29', true)
#3 D:\xampp\htdocs\ten-yards\wp-content\plugins\elementor\includes\libraries\bfi-thumb\bfi-thumb.php(490): image_resize_dimensions(174, 51, 'auto', '29', true)
#4 D:\xampp\htdocs\ten-yards\wp-content\plugins\elementor\includes\libraries\bfi-thumb\bfi-thumb.php(54): BFI_Thumb_1_3::thumb('http://localhos...', Array, true)
#5 D:\xampp\htdocs\ten-yards\wp-content\plugins\elementor\includes\libraries\bfi-thumb\bfi-thumb.php(795): bfi_thumb('http://localhos...', Array)
#6 D:\xampp\htdocs\ten-yards\wp-includes\class-wp-hook.php(287): bfi_image_downsize(false, 1641, Array)
#7 D:\xampp\htdocs\ten-yards\wp-includes\plugin.php(212): WP_Hook->apply_filters(false, Array)
#8 D:\xampp\htdocs\ten-yards\wp-includes\media.php(207): apply_filters('image_downsize', false, 1641, Array)
#9 D:\xampp\htdocs\ten-yards\wp-includes\media.php(953): image_downsize(1641, Array)
#10 D:\xampp\htdocs\ten-yards\wp-content\plugins\elementor\includes\controls\groups\image-size.php(230): wp_get_attachment_image_src(1641, Array)
#11 D:\xampp\htdocs\ten-yards\wp-content\plugins\elementor\includes\controls\groups\image-size.php(110): Elementor\Group_Control_Image_Size::get_attachment_image_src(1641, 'image', Array)
#12 D:\xampp\htdocs\ten-yards\wp-content\plugins\elementor\includes\widgets\image.php(701): Elementor\Group_Control_Image_Size::get_attachment_image_html(Array)
#13 D:\xampp\htdocs\ten-yards\wp-content\plugins\elementor\includes\base\controls-stack.php(1894): Elementor\Widget_Image->render()
#14 D:\xampp\htdocs\ten-yards\wp-content\plugins\elementor\includes\base\widget-base.php(530): Elementor\Controls_Stack->render_by_mode()
#15 D:\xampp\htdocs\ten-yards\wp-content\plugins\elementor\includes\base\widget-base.php(660): Elementor\Widget_Base->render_content()
#16 D:\xampp\htdocs\ten-yards\wp-content\plugins\elementor\includes\base\element-base.php(644): Elementor\Widget_Base->_print_content()
#17 D:\xampp\htdocs\ten-yards\wp-content\plugins\elementor\includes\base\element-base.php(864): Elementor\Element_Base->print_element()
#18 D:\xampp\htdocs\ten-yards\wp-content\plugins\elementor\includes\base\element-base.php(644): Elementor\Element_Base->_print_content()
#19 D:\xampp\htdocs\ten-yards\wp-content\plugins\elementor\includes\base\element-base.php(864): Elementor\Element_Base->print_element()
#20 D:\xampp\htdocs\ten-yards\wp-content\plugins\elementor\includes\base\element-base.php(644): Elementor\Element_Base->_print_content()
#21 D:\xampp\htdocs\ten-yards\wp-content\plugins\elementor\includes\base\element-base.php(864): Elementor\Element_Base->print_element()
#22 D:\xampp\htdocs\ten-yards\wp-content\plugins\elementor\includes\base\element-base.php(644): Elementor\Element_Base->_print_content()
#23 D:\xampp\htdocs\ten-yards\wp-content\plugins\elementor\includes\base\element-base.php(864): Elementor\Element_Base->print_element()
#24 D:\xampp\htdocs\ten-yards\wp-content\plugins\elementor\includes\base\element-base.php(644): Elementor\Element_Base->_print_content()
#25 D:\xampp\htdocs\ten-yards\wp-content\plugins\elementor\core\base\document.php(1252): Elementor\Element_Base->print_element()
#26 D:\xampp\htdocs\ten-yards\wp-content\plugins\elementor\core\base\document.php(889): Elementor\Core\Base\Document->print_elements(Array)
#27 D:\xampp\htdocs\ten-yards\wp-content\plugins\elementor\includes\frontend.php(975): Elementor\Core\Base\Document->print_elements_with_wrapper(Array)
#28 D:\xampp\htdocs\ten-yards\wp-content\plugins\elementor\includes\frontend.php(889): Elementor\Frontend->get_builder_content(223)
#29 D:\xampp\htdocs\ten-yards\wp-includes\class-wp-hook.php(287): Elementor\Frontend->apply_builder_in_content('<picture><sourc...')
#30 D:\xampp\htdocs\ten-yards\wp-includes\plugin.php(212): WP_Hook->apply_filters('<picture><sourc...', Array)
#31 D:\xampp\htdocs\ten-yards\wp-includes\post-template.php(253): apply_filters('the_content', '<picture><sourc...')
#32 D:\xampp\htdocs\ten-yards\wp-content\plugins\r-energy-elementor-addons\templates\r-energy-elementor-page.php(55): the_content()
#33 D:\xampp\htdocs\ten-yards\wp-includes\template-loader.php(106): include('D:\\xampp\\htdocs...')
#34 D:\xampp\htdocs\ten-yards\wp-blog-header.php(19): require_once('D:\\xampp\\htdocs...')
#35 D:\xampp\htdocs\ten-yards\index.php(17): require('D:\\xampp\\htdocs...')
#36 {main}
  thrown in D:\xampp\htdocs\ten-yards\wp-content\plugins\elementor\includes\libraries\bfi-thumb\bfi-thumb.php on line 748

2021-02-21T11:41:53+00:00 CRITICAL Uncaught TypeError: Unsupported operand types: string / int in D:\xampp\htdocs\ten-yards\wp-content\plugins\elementor\includes\libraries\bfi-thumb\bfi-thumb.php:748
Stack trace:
#0 D:\xampp\htdocs\ten-yards\wp-includes\class-wp-hook.php(289): bfi_image_resize_dimensions(NULL, 174, 51, 'auto', '29')
#1 D:\xampp\htdocs\ten-yards\wp-includes\plugin.php(212): WP_Hook->apply_filters(NULL, Array)
#2 D:\xampp\htdocs\ten-yards\wp-includes\media.php(556): apply_filters('image_resize_di...', NULL, 174, 51, 'auto', '29', true)
#3 D:\xampp\htdocs\ten-yards\wp-content\plugins\elementor\includes\libraries\bfi-thumb\bfi-thumb.php(490): image_resize_dimensions(174, 51, 'auto', '29', true)
#4 D:\xampp\htdocs\ten-yards\wp-content\plugins\elementor\includes\libraries\bfi-thumb\bfi-thumb.php(54): BFI_Thumb_1_3::thumb('http://localhos...', Array, true)
#5 D:\xampp\htdocs\ten-yards\wp-content\plugins\elementor\includes\libraries\bfi-thumb\bfi-thumb.php(795): bfi_thumb('http://localhos...', Array)
#6 D:\xampp\htdocs\ten-yards\wp-includes\class-wp-hook.php(287): bfi_image_downsize(false, 1641, Array)
#7 D:\xampp\htdocs\ten-yards\wp-includes\plugin.php(212): WP_Hook->apply_filters(false, Array)
#8 D:\xampp\htdocs\ten-yards\wp-includes\media.php(207): apply_filters('image_downsize', false, 1641, Array)
#9 D:\xampp\htdocs\ten-yards\wp-includes\media.php(953): image_downsize(1641, Array)
#10 D:\xampp\htdocs\ten-yards\wp-content\plugins\elementor\includes\controls\groups\image-size.php(230): wp_get_attachment_image_src(1641, Array)
#11 D:\xampp\htdocs\ten-yards\wp-content\plugins\elementor\includes\controls\groups\image-size.php(110): Elementor\Group_Control_Image_Size::get_attachment_image_src(1641, 'image', Array)
#12 D:\xampp\htdocs\ten-yards\wp-content\plugins\elementor\includes\widgets\image.php(701): Elementor\Group_Control_Image_Size::get_attachment_image_html(Array)
#13 D:\xampp\htdocs\ten-yards\wp-content\plugins\elementor\includes\base\controls-stack.php(1894): Elementor\Widget_Image->render()
#14 D:\xampp\htdocs\ten-yards\wp-content\plugins\elementor\includes\base\widget-base.php(530): Elementor\Controls_Stack->render_by_mode()
#15 D:\xampp\htdocs\ten-yards\wp-content\plugins\elementor\includes\base\widget-base.php(660): Elementor\Widget_Base->render_content()
#16 D:\xampp\htdocs\ten-yards\wp-content\plugins\elementor\includes\base\element-base.php(644): Elementor\Widget_Base->_print_content()
#17 D:\xampp\htdocs\ten-yards\wp-content\plugins\elementor\includes\base\element-base.php(864): Elementor\Element_Base->print_element()
#18 D:\xampp\htdocs\ten-yards\wp-content\plugins\elementor\includes\base\element-base.php(644): Elementor\Element_Base->_print_content()
#19 D:\xampp\htdocs\ten-yards\wp-content\plugins\elementor\includes\base\element-base.php(864): Elementor\Element_Base->print_element()
#20 D:\xampp\htdocs\ten-yards\wp-content\plugins\elementor\includes\base\element-base.php(644): Elementor\Element_Base->_print_content()
#21 D:\xampp\htdocs\ten-yards\wp-content\plugins\elementor\includes\base\element-base.php(864): Elementor\Element_Base->print_element()
#22 D:\xampp\htdocs\ten-yards\wp-content\plugins\elementor\includes\base\element-base.php(644): Elementor\Element_Base->_print_content()
#23 D:\xampp\htdocs\ten-yards\wp-content\plugins\elementor\includes\base\element-base.php(864): Elementor\Element_Base->print_element()
#24 D:\xampp\htdocs\ten-yards\wp-content\plugins\elementor\includes\base\element-base.php(644): Elementor\Element_Base->_print_content()
#25 D:\xampp\htdocs\ten-yards\wp-content\plugins\elementor\core\base\document.php(1252): Elementor\Element_Base->print_element()
#26 D:\xampp\htdocs\ten-yards\wp-content\plugins\elementor\core\base\document.php(889): Elementor\Core\Base\Document->print_elements(Array)
#27 D:\xampp\htdocs\ten-yards\wp-content\plugins\elementor\includes\frontend.php(975): Elementor\Core\Base\Document->print_elements_with_wrapper(Array)
#28 D:\xampp\htdocs\ten-yards\wp-content\plugins\elementor\includes\frontend.php(889): Elementor\Frontend->get_builder_content(223)
#29 D:\xampp\htdocs\ten-yards\wp-includes\class-wp-hook.php(287): Elementor\Frontend->apply_builder_in_content('<picture><sourc...')
#30 D:\xampp\htdocs\ten-yards\wp-includes\plugin.php(212): WP_Hook->apply_filters('<picture><sourc...', Array)
#31 D:\xampp\htdocs\ten-yards\wp-includes\post-template.php(253): apply_filters('the_content', '<picture><sourc...')
#32 D:\xampp\htdocs\ten-yards\wp-content\plugins\r-energy-elementor-addons\templates\r-energy-elementor-page.php(55): the_content()
#33 D:\xampp\htdocs\ten-yards\wp-includes\template-loader.php(106): include('D:\\xampp\\htdocs...')
#34 D:\xampp\htdocs\ten-yards\wp-blog-header.php(19): require_once('D:\\xampp\\htdocs...')
#35 D:\xampp\htdocs\ten-yards\index.php(17): require('D:\\xampp\\htdocs...')
#36 {main}
  thrown in D:\xampp\htdocs\ten-yards\wp-content\plugins\elementor\includes\libraries\bfi-thumb\bfi-thumb.php on line 748

2021-02-21T11:41:59+00:00 CRITICAL Uncaught TypeError: implode(): Argument #2 ($array) must be of type ?array, string given in D:\xampp\htdocs\ten-yards\wp-content\plugins\master-popups\includes\class-functions.php:620
Stack trace:
#0 D:\xampp\htdocs\ten-yards\wp-content\plugins\master-popups\includes\class-functions.php(620): implode(Array, ',')
#1 D:\xampp\htdocs\ten-yards\wp-content\plugins\master-popups\includes\class-popups.php(310): MasterPopups\Includes\Functions::url_google_fonts(Array, Array)
#2 D:\xampp\htdocs\ten-yards\wp-content\plugins\master-popups\includes\class-popups.php(225): MasterPopups\Includes\Popups->get_link_google_fonts()
#3 D:\xampp\htdocs\ten-yards\wp-includes\class-wp-hook.php(287): MasterPopups\Includes\Popups->add_popups_to_footer('')
#4 D:\xampp\htdocs\ten-yards\wp-includes\class-wp-hook.php(311): WP_Hook->apply_filters(NULL, Array)
#5 D:\xampp\htdocs\ten-yards\wp-includes\plugin.php(484): WP_Hook->do_action(Array)
#6 D:\xampp\htdocs\ten-yards\wp-includes\general-template.php(3021): do_action('wp_footer')
#7 D:\xampp\htdocs\ten-yards\wp-content\themes\r-energy\footer.php(17): wp_footer()
#8 D:\xampp\htdocs\ten-yards\wp-includes\template.php(730): require_once('D:\\xampp\\htdocs...')
#9 D:\xampp\htdocs\ten-yards\wp-includes\template.php(676): load_template('D:\\xampp\\htdocs...', true, Array)
#10 D:\xampp\htdocs\ten-yards\wp-includes\general-template.php(92): locate_template(Array, true, true, Array)
#11 D:\xampp\htdocs\ten-yards\wp-content\themes\r-energy\404.php(50): get_footer()
#12 D:\xampp\htdocs\ten-yards\wp-includes\template-loader.php(106): include('D:\\xampp\\htdocs...')
#13 D:\xampp\htdocs\ten-yards\wp-blog-header.php(19): require_once('D:\\xampp\\htdocs...')
#14 D:\xampp\htdocs\ten-yards\index.php(17): require('D:\\xampp\\htdocs...')
#15 {main}
  thrown in D:\xampp\htdocs\ten-yards\wp-content\plugins\master-popups\includes\class-functions.php on line 620

2021-02-21T11:44:17+00:00 CRITICAL Uncaught TypeError: Unsupported operand types: string / int in D:\xampp\htdocs\ten-yards\wp-content\plugins\elementor\includes\libraries\bfi-thumb\bfi-thumb.php:748
Stack trace:
#0 D:\xampp\htdocs\ten-yards\wp-includes\class-wp-hook.php(289): bfi_image_resize_dimensions(NULL, 174, 51, 'auto', '29')
#1 D:\xampp\htdocs\ten-yards\wp-includes\plugin.php(212): WP_Hook->apply_filters(NULL, Array)
#2 D:\xampp\htdocs\ten-yards\wp-includes\media.php(556): apply_filters('image_resize_di...', NULL, 174, 51, 'auto', '29', true)
#3 D:\xampp\htdocs\ten-yards\wp-content\plugins\elementor\includes\libraries\bfi-thumb\bfi-thumb.php(490): image_resize_dimensions(174, 51, 'auto', '29', true)
#4 D:\xampp\htdocs\ten-yards\wp-content\plugins\elementor\includes\libraries\bfi-thumb\bfi-thumb.php(54): BFI_Thumb_1_3::thumb('http://localhos...', Array, true)
#5 D:\xampp\htdocs\ten-yards\wp-content\plugins\elementor\includes\libraries\bfi-thumb\bfi-thumb.php(795): bfi_thumb('http://localhos...', Array)
#6 D:\xampp\htdocs\ten-yards\wp-includes\class-wp-hook.php(287): bfi_image_downsize(false, 1641, Array)
#7 D:\xampp\htdocs\ten-yards\wp-includes\plugin.php(212): WP_Hook->apply_filters(false, Array)
#8 D:\xampp\htdocs\ten-yards\wp-includes\media.php(207): apply_filters('image_downsize', false, 1641, Array)
#9 D:\xampp\htdocs\ten-yards\wp-includes\media.php(953): image_downsize(1641, Array)
#10 D:\xampp\htdocs\ten-yards\wp-content\plugins\elementor\includes\controls\groups\image-size.php(230): wp_get_attachment_image_src(1641, Array)
#11 D:\xampp\htdocs\ten-yards\wp-content\plugins\elementor\includes\controls\groups\image-size.php(110): Elementor\Group_Control_Image_Size::get_attachment_image_src(1641, 'image', Array)
#12 D:\xampp\htdocs\ten-yards\wp-content\plugins\elementor\includes\widgets\image.php(701): Elementor\Group_Control_Image_Size::get_attachment_image_html(Array)
#13 D:\xampp\htdocs\ten-yards\wp-content\plugins\elementor\includes\base\controls-stack.php(1894): Elementor\Widget_Image->render()
#14 D:\xampp\htdocs\ten-yards\wp-content\plugins\elementor\includes\base\widget-base.php(530): Elementor\Controls_Stack->render_by_mode()
#15 D:\xampp\htdocs\ten-yards\wp-content\plugins\elementor\includes\base\widget-base.php(660): Elementor\Widget_Base->render_content()
#16 D:\xampp\htdocs\ten-yards\wp-content\plugins\elementor\includes\base\element-base.php(644): Elementor\Widget_Base->_print_content()
#17 D:\xampp\htdocs\ten-yards\wp-content\plugins\elementor\includes\base\element-base.php(864): Elementor\Element_Base->print_element()
#18 D:\xampp\htdocs\ten-yards\wp-content\plugins\elementor\includes\base\element-base.php(644): Elementor\Element_Base->_print_content()
#19 D:\xampp\htdocs\ten-yards\wp-content\plugins\elementor\includes\base\element-base.php(864): Elementor\Element_Base->print_element()
#20 D:\xampp\htdocs\ten-yards\wp-content\plugins\elementor\includes\base\element-base.php(644): Elementor\Element_Base->_print_content()
#21 D:\xampp\htdocs\ten-yards\wp-content\plugins\elementor\includes\base\element-base.php(864): Elementor\Element_Base->print_element()
#22 D:\xampp\htdocs\ten-yards\wp-content\plugins\elementor\includes\base\element-base.php(644): Elementor\Element_Base->_print_content()
#23 D:\xampp\htdocs\ten-yards\wp-content\plugins\elementor\includes\base\element-base.php(864): Elementor\Element_Base->print_element()
#24 D:\xampp\htdocs\ten-yards\wp-content\plugins\elementor\includes\base\element-base.php(644): Elementor\Element_Base->_print_content()
#25 D:\xampp\htdocs\ten-yards\wp-content\plugins\elementor\core\base\document.php(1252): Elementor\Element_Base->print_element()
#26 D:\xampp\htdocs\ten-yards\wp-content\plugins\elementor\core\base\document.php(889): Elementor\Core\Base\Document->print_elements(Array)
#27 D:\xampp\htdocs\ten-yards\wp-content\plugins\elementor\includes\frontend.php(975): Elementor\Core\Base\Document->print_elements_with_wrapper(Array)
#28 D:\xampp\htdocs\ten-yards\wp-content\plugins\elementor\includes\frontend.php(889): Elementor\Frontend->get_builder_content(223)
#29 D:\xampp\htdocs\ten-yards\wp-includes\class-wp-hook.php(287): Elementor\Frontend->apply_builder_in_content('<picture><sourc...')
#30 D:\xampp\htdocs\ten-yards\wp-includes\plugin.php(212): WP_Hook->apply_filters('<picture><sourc...', Array)
#31 D:\xampp\htdocs\ten-yards\wp-includes\post-template.php(253): apply_filters('the_content', '<picture><sourc...')
#32 D:\xampp\htdocs\ten-yards\wp-content\plugins\r-energy-elementor-addons\templates\r-energy-elementor-page.php(55): the_content()
#33 D:\xampp\htdocs\ten-yards\wp-includes\template-loader.php(106): include('D:\\xampp\\htdocs...')
#34 D:\xampp\htdocs\ten-yards\wp-blog-header.php(19): require_once('D:\\xampp\\htdocs...')
#35 D:\xampp\htdocs\ten-yards\index.php(17): require('D:\\xampp\\htdocs...')
#36 {main}
  thrown in D:\xampp\htdocs\ten-yards\wp-content\plugins\elementor\includes\libraries\bfi-thumb\bfi-thumb.php on line 748

2021-02-21T11:44:40+00:00 CRITICAL Uncaught TypeError: implode(): Argument #2 ($array) must be of type ?array, string given in D:\xampp\htdocs\ten-yards\wp-content\plugins\master-popups\includes\class-functions.php:620
Stack trace:
#0 D:\xampp\htdocs\ten-yards\wp-content\plugins\master-popups\includes\class-functions.php(620): implode(Array, ',')
#1 D:\xampp\htdocs\ten-yards\wp-content\plugins\master-popups\includes\class-popups.php(310): MasterPopups\Includes\Functions::url_google_fonts(Array, Array)
#2 D:\xampp\htdocs\ten-yards\wp-content\plugins\master-popups\includes\class-popups.php(225): MasterPopups\Includes\Popups->get_link_google_fonts()
#3 D:\xampp\htdocs\ten-yards\wp-includes\class-wp-hook.php(287): MasterPopups\Includes\Popups->add_popups_to_footer('')
#4 D:\xampp\htdocs\ten-yards\wp-includes\class-wp-hook.php(311): WP_Hook->apply_filters(NULL, Array)
#5 D:\xampp\htdocs\ten-yards\wp-includes\plugin.php(484): WP_Hook->do_action(Array)
#6 D:\xampp\htdocs\ten-yards\wp-includes\general-template.php(3021): do_action('wp_footer')
#7 D:\xampp\htdocs\ten-yards\wp-content\themes\r-energy\footer.php(17): wp_footer()
#8 D:\xampp\htdocs\ten-yards\wp-includes\template.php(730): require_once('D:\\xampp\\htdocs...')
#9 D:\xampp\htdocs\ten-yards\wp-includes\template.php(676): load_template('D:\\xampp\\htdocs...', true, Array)
#10 D:\xampp\htdocs\ten-yards\wp-includes\general-template.php(92): locate_template(Array, true, true, Array)
#11 D:\xampp\htdocs\ten-yards\wp-content\themes\r-energy\404.php(50): get_footer()
#12 D:\xampp\htdocs\ten-yards\wp-includes\template-loader.php(106): include('D:\\xampp\\htdocs...')
#13 D:\xampp\htdocs\ten-yards\wp-blog-header.php(19): require_once('D:\\xampp\\htdocs...')
#14 D:\xampp\htdocs\ten-yards\index.php(17): require('D:\\xampp\\htdocs...')
#15 {main}
  thrown in D:\xampp\htdocs\ten-yards\wp-content\plugins\master-popups\includes\class-functions.php on line 620

